<?xml version="1.0" encoding="UTF-8"?>
<!-- Generated by org.testng.reporters.JUnitReportReporter -->
<testsuite skipped="0" hostname="DESKTOP-P02QDB4" name="Academy.RediffHomePageTest" tests="2" failures="0" timestamp="2020-05-10T09:15:46 IST" time="21.223" errors="0">
  <testcase name="Demo" time="10.717" classname="Academy.RediffHomePageTest"/>
  <system-out/>
  <testcase name="Demo" time="10.506" classname="Academy.RediffHomePageTest"/>
  <system-out/>
</testsuite> <!-- Academy.RediffHomePageTest -->
