<?xml version="1.0" encoding="UTF-8"?>
<!-- Generated by org.testng.reporters.JUnitReportReporter -->
<testsuite skipped="0" hostname="DESKTOP-P02QDB4" name="Academy.VerifyingTest" tests="1" failures="0" timestamp="2020-05-10T09:15:46 IST" time="0.050" errors="0">
  <testcase name="Verify" time="0.050" classname="Academy.VerifyingTest"/>
  <system-out/>
</testsuite> <!-- Academy.VerifyingTest -->
